<?xml version="1.0" encoding="UTF-8"?>
<testsuite errors="0" failures="0" name="res.resources.tests.HealthCheckViewTest-20200114110128" tests="1" time="0.089">
	<properties/>
	<system-out>
<![CDATA[]]>	</system-out>
	<system-err>
<![CDATA[]]>	</system-err>
	<testcase classname="res.resources.tests.HealthCheckViewTest" name="test_health_check" time="0.089"/>
</testsuite>
