<?xml version="1.0" encoding="UTF-8"?>
<testsuite errors="0" failures="0" name="res.samples.tests.SampleViewTest-20200114110408" tests="1" time="0.003">
	<properties/>
	<system-out>
<![CDATA[]]>	</system-out>
	<system-err>
<![CDATA[]]>	</system-err>
	<testcase classname="res.samples.tests.SampleViewTest" name="test_sample" time="0.003"/>
</testsuite>
